# JRE version: OpenJDK Runtime Environment (17.0.7) (build 17.0.7+0-b2043.56-10550314)
# Java VM: OpenJDK 64-Bit Server VM (17.0.7+0-b2043.56-10550314, mixed mode, tiered, compressed oops, compressed class ptrs, g1 gc, windows-amd64)
GC Precious Log:
 CPUs: 8 total, 8 available
 Memory: 16276M
 Large Page Support: Disabled
 NUMA Support: Disabled
 Compressed Oops: Enabled (Zero based)
 Heap Region Size: 4M
 Heap Min Capacity: 8M
 Heap Initial Capacity: 256M
 Heap Max Capacity: 4608M
 Pre-touch: Disabled
 Parallel Workers: 8
 Concurrent Workers: 2
 Concurrent Refinement Workers: 8
 Periodic GC: Disabled
Heap:
 garbage-first heap   total 942080K, used 355039K [0x00000006e0000000, 0x0000000800000000)
  region size 4096K, 2 young (8192K), 2 survivors (8192K)
 Metaspace       used 206839K, committed 213568K, reserved 1310720K
  class space    used 26043K, committed 29248K, reserved 1048576K
GC Heap History (20 events):
Event: 24290.674 GC heap after
{Heap after GC invocations=303 (full 0):
 garbage-first heap   total 942080K, used 269981K [0x00000006e0000000, 0x0000000800000000)
  region size 4096K, 2 young (8192K), 2 survivors (8192K)
 Metaspace       used 213253K, committed 218816K, reserved 1310720K
  class space    used 26815K, committed 29248K, reserved 1048576K
}
Event: 24314.927 GC heap before
{Heap before GC invocations=303 (full 0):
 garbage-first heap   total 942080K, used 306845K [0x00000006e0000000, 0x0000000800000000)
  region size 4096K, 11 young (45056K), 2 survivors (8192K)
 Metaspace       used 213253K, committed 218816K, reserved 1310720K
  class space    used 26815K, committed 29248K, reserved 1048576K
}
Event: 24314.948 GC heap after
{Heap after GC invocations=304 (full 0):
 garbage-first heap   total 942080K, used 253905K [0x00000006e0000000, 0x0000000800000000)
  region size 4096K, 1 young (4096K), 1 survivors (4096K)
 Metaspace       used 213253K, committed 218816K, reserved 1310720K
  class space    used 26815K, committed 29248K, reserved 1048576K
}
Event: 24316.537 GC heap before
{Heap before GC invocations=304 (full 0):
 garbage-first heap   total 942080K, used 499665K [0x00000006e0000000, 0x0000000800000000)
  region size 4096K, 63 young (258048K), 1 survivors (4096K)
 Metaspace       used 213283K, committed 218816K, reserved 1310720K
  class space    used 26820K, committed 29248K, reserved 1048576K
}
Event: 24316.546 GC heap after
{Heap after GC invocations=305 (full 0):
 garbage-first heap   total 942080K, used 260397K [0x00000006e0000000, 0x0000000800000000)
  region size 4096K, 3 young (12288K), 3 survivors (12288K)
 Metaspace       used 213283K, committed 218816K, reserved 1310720K
  class space    used 26820K, committed 29248K, reserved 1048576K
}
Event: 24318.597 GC heap before
{Heap before GC invocations=306 (full 0):
 garbage-first heap   total 942080K, used 813357K [0x00000006e0000000, 0x0000000800000000)
  region size 4096K, 124 young (507904K), 3 survivors (12288K)
 Metaspace       used 206798K, committed 213568K, reserved 1310720K
  class space    used 26042K, committed 29248K, reserved 1048576K
}
Event: 24318.680 GC heap after
{Heap after GC invocations=307 (full 0):
 garbage-first heap   total 942080K, used 369152K [0x00000006e0000000, 0x0000000800000000)
  region size 4096K, 16 young (65536K), 16 survivors (65536K)
 Metaspace       used 206798K, committed 213568K, reserved 1310720K
  class space    used 26042K, committed 29248K, reserved 1048576K
}
Event: 24318.687 GC heap before
{Heap before GC invocations=307 (full 0):
 garbage-first heap   total 942080K, used 373248K [0x00000006e0000000, 0x0000000800000000)
  region size 4096K, 17 young (69632K), 16 survivors (65536K)
 Metaspace       used 206798K, committed 213568K, reserved 1310720K
  class space    used 26042K, committed 29248K, reserved 1048576K
}
Event: 24318.746 GC heap after
{Heap after GC invocations=308 (full 0):
 garbage-first heap   total 942080K, used 361716K [0x00000006e0000000, 0x0000000800000000)
  region size 4096K, 2 young (8192K), 2 survivors (8192K)
 Metaspace       used 206798K, committed 213568K, reserved 1310720K
  class space    used 26042K, committed 29248K, reserved 1048576K
}
Event: 24318.934 GC heap before
{Heap before GC invocations=308 (full 0):
 garbage-first heap   total 942080K, used 394484K [0x00000006e0000000, 0x0000000800000000)
  region size 4096K, 11 young (45056K), 2 survivors (8192K)
 Metaspace       used 206798K, committed 213568K, reserved 1310720K
  class space    used 26042K, committed 29248K, reserved 1048576K
}
Event: 24318.938 GC heap after
{Heap after GC invocations=309 (full 0):
 garbage-first heap   total 942080K, used 357658K [0x00000006e0000000, 0x0000000800000000)
  region size 4096K, 1 young (4096K), 1 survivors (4096K)
 Metaspace       used 206798K, committed 213568K, reserved 1310720K
  class space    used 26042K, committed 29248K, reserved 1048576K
}
Event: 24403.226 GC heap before
{Heap before GC invocations=310 (full 0):
 garbage-first heap   total 942080K, used 800026K [0x00000006e0000000, 0x0000000800000000)
  region size 4096K, 96 young (393216K), 1 survivors (4096K)
 Metaspace       used 206833K, committed 213568K, reserved 1310720K
  class space    used 26042K, committed 29248K, reserved 1048576K
}
Event: 24403.239 GC heap after
{Heap after GC invocations=311 (full 0):
 garbage-first heap   total 942080K, used 366612K [0x00000006e0000000, 0x0000000800000000)
  region size 4096K, 3 young (12288K), 3 survivors (12288K)
 Metaspace       used 206833K, committed 213568K, reserved 1310720K
  class space    used 26042K, committed 29248K, reserved 1048576K
}
Event: 24403.339 GC heap before
{Heap before GC invocations=311 (full 0):
 garbage-first heap   total 942080K, used 399380K [0x00000006e0000000, 0x0000000800000000)
  region size 4096K, 11 young (45056K), 3 survivors (12288K)
 Metaspace       used 206833K, committed 213568K, reserved 1310720K
  class space    used 26042K, committed 29248K, reserved 1048576K
}
Event: 24403.378 GC heap after
{Heap after GC invocations=312 (full 0):
 garbage-first heap   total 942080K, used 337449K [0x00000006e0000000, 0x0000000800000000)
  region size 4096K, 1 young (4096K), 1 survivors (4096K)
 Metaspace       used 206833K, committed 213568K, reserved 1310720K
  class space    used 26042K, committed 29248K, reserved 1048576K
}
Event: 24403.551 GC heap before
{Heap before GC invocations=312 (full 0):
 garbage-first heap   total 942080K, used 357929K [0x00000006e0000000, 0x0000000800000000)
  region size 4096K, 7 young (28672K), 1 survivors (4096K)
 Metaspace       used 206833K, committed 213568K, reserved 1310720K
  class space    used 26042K, committed 29248K, reserved 1048576K
}
Event: 24403.555 GC heap after
{Heap after GC invocations=313 (full 0):
 garbage-first heap   total 942080K, used 344976K [0x00000006e0000000, 0x0000000800000000)
  region size 4096K, 3 young (12288K), 3 survivors (12288K)
 Metaspace       used 206833K, committed 213568K, reserved 1310720K
  class space    used 26042K, committed 29248K, reserved 1048576K
}
Event: 24405.009 GC heap before
{Heap before GC invocations=314 (full 0):
 garbage-first heap   total 942080K, used 734096K [0x00000006e0000000, 0x0000000800000000)
  region size 4096K, 104 young (425984K), 3 survivors (12288K)
 Metaspace       used 206839K, committed 213568K, reserved 1310720K
  class space    used 26043K, committed 29248K, reserved 1048576K
}
Event: 24405.091 GC heap after
{Heap after GC invocations=315 (full 0):
 garbage-first heap   total 942080K, used 403648K [0x00000006e0000000, 0x0000000800000000)
  region size 4096K, 13 young (53248K), 13 survivors (53248K)
 Metaspace       used 206839K, committed 213568K, reserved 1310720K
  class space    used 26043K, committed 29248K, reserved 1048576K
}
Event: 24405.098 GC heap before
{Heap before GC invocations=315 (full 0):
 garbage-first heap   total 942080K, used 407744K [0x00000006e0000000, 0x0000000800000000)
  region size 4096K, 14 young (57344K), 13 survivors (53248K)
 Metaspace       used 206839K, committed 213568K, reserved 1310720K
  class space    used 26043K, committed 29248K, reserved 1048576K
}

